# Logfile created on Tue Nov 08 15:05:01 -0200 2011  [4;36;1mSQL (0.2ms)[0m   [0;1mSET SQL_AUTO_IS_NULL=0[0m
  [4;35;1mSQL (199.5ms)[0m   [0mSHOW TABLES[0m
  [4;36;1mSQL (49.5ms)[0m   [0;1mSELECT version FROM schema_migrations[0m
Migrating to CreateUsers (20090622100004)
Migrating to CreateConfigurations (20090622102004)
Migrating to CreateStudents (20090622104053)
Migrating to CreateArchivedStudents (20090622104054)
Migrating to CreateGuardians (20090622114927)
Migrating to CreateArchivedGuardians (20090622115927)
Migrating to CreateCountries (20090703074822)
Migrating to CreateNews (20090706170408)
Migrating to CreateCoursesAndBatches (20090715234257)
Migrating to CreateBatchStudentsJoinTable (20090715234258)
Migrating to CreateSubjects (20090717124241)
Migrating to CreateElectiveGroups (20090717126241)
Migrating to CreateGradingLevels (20090718050113)
Migrating to CreateExamGroups (20090718050453)
Migrating to CreateExams (20090718050921)
Migrating to CreateExamScores (20090718052749)
Migrating to CreateAttendances (20090731092833)
Migrating to CreateClassTimings (20090818045411)
Migrating to CreateTimetableEntries (20090818050018)
Migrating to CreateEmployeeCategories (20090904071048)
Migrating to CreateEmployeePositions (20090904071548)
Migrating to CreateEmployeeDepartments (20090904071642)
Migrating to CreateEmployeeGrades (20090904071905)
Migrating to BankFields (20090904071906)
Migrating to EmployeeBankDetails (20090904071907)
Migrating to CreateAdditionalFields (20090904071908)
Migrating to CreateEmployeeAdditionalDetails (20090904071909)
Migrating to CreateEmployees (20090910062751)
Migrating to CreatePayrollCategories (20090914095002)
Migrating to CreateEmployeeSalaryStructures (20090914114212)
Migrating to CreateMonthlyPayslips (20090916052300)
Migrating to CreateEmployeeLeaveTypes (20090917052349)
Migrating to CreateEmployeeAttendances (20090917065256)
Migrating to CreateApplyLeaves (20090924081520)
Migrating to CreateEmployeesSubjects (20090926071527)
Migrating to CreateIndividualPayslipCategories (20091009093746)
Migrating to CreateReminders (20091026065251)
Migrating to CreateFinanceTransactionCategories (20091202050910)
Migrating to CreateFinanceTransactions (20091202053600)
Migrating to CreateFinanceDonations (20091202104818)
Migrating to CreateFinanceFeeCollections (20091207084711)
Migrating to CreateFinanceFees (20091207085849)
Migrating to CreateFinanceFeeStructureElements (20091207090412)
Migrating to CreatePrivileges (20091217191652)
Migrating to CreatePrivilegesUsersJoinTable (20091217201118)
Migrating to CreateFinanceTransactionTriggers (20091224063502)
Migrating to CreateEvents (20100403073735)
Migrating to CreateBatchEvents (20100403092229)
Migrating to CreateEmployeeDepartmentEvents (20100403093355)
Migrating to CreateStudentAdditionalDetails (20100412105036)
Migrating to CreateStudentAdditionalFields (20100412105116)
Migrating to CreateLiabilities (20100422110336)
Migrating to CreateAssets (20100426094532)
Migrating to CreatePeriodEntries (20100429093616)
Migrating to CreateWeekdays (20100505075459)
Migrating to CreateFinanceFeeCategories (20100515063157)
Migrating to CreateFinanceFeeParticulars (20100515063814)
Migrating to CreateSmsSettings (20100520073311)
Migrating to CreateElectives (20100524093457)
Migrating to StudentsSubject (20100525055716)
Migrating to CreateGroupedExams (20100602115152)
Migrating to CreateArchivedEmployees (20100604103435)
Migrating to CreateArchivedEmployeeSalaryStructures (20100604103916)
Migrating to CreateArchivedEmployeeBankDetails (20100604104308)
Migrating to CreateArchivedEmployeeAdditionalDetails (20100604104759)
Migrating to CreateStudentPreviousDatas (20100609073016)
Migrating to CreateStudentPreviousSubjectMarks (20100609074544)
Migrating to CreateXmls (20100720104231)
Migrating to CreateArchivedExamScores (20100730092747)
Migrating to CreateAdditionalExamGroups (20100731053458)
Migrating to CreateAdditionalExams (20100731054033)
Migrating to CreateAdditionalExamScores (20100731055437)
Migrating to CreateEmployeeLeaves (20101209063633)
Migrating to AddNewColumnsToFedena (20110221051223)
Migrating to AddColumnsToStudent (20110510121550)
Migrating to AddColumnsToEmployee (20110511053223)
Migrating to AddIndexToFedena (20110516110336)
Migrating to ChangeFinanceTransaction (20110706114907)
Migrating to CreateFeeDiscounts (20110721122326)
Migrating to CreateFeeCollectionDiscounts (20110728115723)
Migrating to CreateFeeCollectionParticulars (20110729055539)
Migrating to AddIndexToFedena2 (20110730100503)
Migrating to AddFormerToArchivedEmployee (20110805072425)
Migrating to AddUserIdToStudentsEmployees (20110810052138)
  [4;35;1mSQL (2.1ms)[0m   [0mSHOW TABLES[0m
  [4;36;1mSQL (0.3ms)[0m   [0;1mSELECT version FROM schema_migrations[0m
  [4;35;1mSQL (1.8ms)[0m   [0mSHOW TABLES[0m
  [4;36;1mSQL (11.8ms)[0m   [0;1mSHOW FIELDS FROM `additional_exam_groups`[0m
  [4;35;1mSQL (2.0ms)[0m   [0mdescribe `additional_exam_groups`[0m
  [4;36;1mSQL (1.1ms)[0m   [0;1mSHOW KEYS FROM `additional_exam_groups`[0m
  [4;35;1mSQL (26.4ms)[0m   [0mSHOW FIELDS FROM `additional_exam_scores`[0m
  [4;36;1mSQL (3.4ms)[0m   [0;1mdescribe `additional_exam_scores`[0m
  [4;35;1mSQL (1.8ms)[0m   [0mSHOW KEYS FROM `additional_exam_scores`[0m
  [4;36;1mSQL (3.7ms)[0m   [0;1mSHOW FIELDS FROM `additional_exams`[0m
  [4;35;1mSQL (2.9ms)[0m   [0mdescribe `additional_exams`[0m
  [4;36;1mSQL (1.8ms)[0m   [0;1mSHOW KEYS FROM `additional_exams`[0m
  [4;35;1mSQL (21.4ms)[0m   [0mSHOW FIELDS FROM `additional_fields`[0m
  [4;36;1mSQL (2.0ms)[0m   [0;1mdescribe `additional_fields`[0m
  [4;35;1mSQL (1.1ms)[0m   [0mSHOW KEYS FROM `additional_fields`[0m
  [4;36;1mSQL (4.1ms)[0m   [0;1mSHOW FIELDS FROM `apply_leaves`[0m
  [4;35;1mSQL (4.1ms)[0m   [0mdescribe `apply_leaves`[0m
  [4;36;1mSQL (1.6ms)[0m   [0;1mSHOW KEYS FROM `apply_leaves`[0m
  [4;35;1mSQL (3.4ms)[0m   [0mSHOW FIELDS FROM `archived_employee_additional_details`[0m
  [4;36;1mSQL (2.8ms)[0m   [0;1mdescribe `archived_employee_additional_details`[0m
  [4;35;1mSQL (1.2ms)[0m   [0mSHOW KEYS FROM `archived_employee_additional_details`[0m
  [4;36;1mSQL (11.8ms)[0m   [0;1mSHOW FIELDS FROM `archived_employee_bank_details`[0m
  [4;35;1mSQL (2.2ms)[0m   [0mdescribe `archived_employee_bank_details`[0m
  [4;36;1mSQL (1.1ms)[0m   [0;1mSHOW KEYS FROM `archived_employee_bank_details`[0m
  [4;35;1mSQL (4.5ms)[0m   [0mSHOW FIELDS FROM `archived_employee_salary_structures`[0m
  [4;36;1mSQL (3.4ms)[0m   [0;1mdescribe `archived_employee_salary_structures`[0m
  [4;35;1mSQL (0.5ms)[0m   [0mSHOW KEYS FROM `archived_employee_salary_structures`[0m
  [4;36;1mSQL (5.7ms)[0m   [0;1mSHOW FIELDS FROM `archived_employees`[0m
  [4;35;1mSQL (6.8ms)[0m   [0mdescribe `archived_employees`[0m
  [4;36;1mSQL (3.9ms)[0m   [0;1mSHOW KEYS FROM `archived_employees`[0m
  [4;35;1mSQL (18.0ms)[0m   [0mSHOW FIELDS FROM `archived_exam_scores`[0m
  [4;36;1mSQL (3.6ms)[0m   [0;1mdescribe `archived_exam_scores`[0m
  [4;35;1mSQL (1.6ms)[0m   [0mSHOW KEYS FROM `archived_exam_scores`[0m
  [4;36;1mSQL (52.6ms)[0m   [0;1mSHOW FIELDS FROM `archived_guardians`[0m
  [4;35;1mSQL (4.7ms)[0m   [0mdescribe `archived_guardians`[0m
  [4;36;1mSQL (2.3ms)[0m   [0;1mSHOW KEYS FROM `archived_guardians`[0m
  [4;35;1mSQL (14.6ms)[0m   [0mSHOW FIELDS FROM `archived_students`[0m
  [4;36;1mSQL (3.4ms)[0m   [0;1mdescribe `archived_students`[0m
  [4;35;1mSQL (0.6ms)[0m   [0mSHOW KEYS FROM `archived_students`[0m
  [4;36;1mSQL (4.3ms)[0m   [0;1mSHOW FIELDS FROM `assets`[0m
  [4;35;1mSQL (2.2ms)[0m   [0mdescribe `assets`[0m
  [4;36;1mSQL (1.0ms)[0m   [0;1mSHOW KEYS FROM `assets`[0m
  [4;35;1mSQL (41.4ms)[0m   [0mSHOW FIELDS FROM `attendances`[0m
  [4;36;1mSQL (2.1ms)[0m   [0;1mdescribe `attendances`[0m
  [4;35;1mSQL (1.0ms)[0m   [0mSHOW KEYS FROM `attendances`[0m
  [4;36;1mSQL (3.0ms)[0m   [0;1mSHOW FIELDS FROM `bank_fields`[0m
  [4;35;1mSQL (2.4ms)[0m   [0mdescribe `bank_fields`[0m
  [4;36;1mSQL (1.3ms)[0m   [0;1mSHOW KEYS FROM `bank_fields`[0m
  [4;35;1mSQL (8.2ms)[0m   [0mSHOW FIELDS FROM `batch_events`[0m
  [4;36;1mSQL (2.6ms)[0m   [0;1mdescribe `batch_events`[0m
  [4;35;1mSQL (1.1ms)[0m   [0mSHOW KEYS FROM `batch_events`[0m
  [4;36;1mSQL (4.2ms)[0m   [0;1mSHOW FIELDS FROM `batch_students`[0m
  [4;35;1mSQL (1.4ms)[0m   [0mdescribe `batch_students`[0m
  [4;36;1mSQL (1.7ms)[0m   [0;1mSHOW KEYS FROM `batch_students`[0m
  [4;35;1mSQL (1.4ms)[0m   [0mSHOW FIELDS FROM `batches`[0m
  [4;36;1mSQL (2.2ms)[0m   [0;1mdescribe `batches`[0m
  [4;35;1mSQL (1.2ms)[0m   [0mSHOW KEYS FROM `batches`[0m
  [4;36;1mSQL (4.1ms)[0m   [0;1mSHOW FIELDS FROM `class_timings`[0m
  [4;35;1mSQL (2.1ms)[0m   [0mdescribe `class_timings`[0m
  [4;36;1mSQL (1.1ms)[0m   [0;1mSHOW KEYS FROM `class_timings`[0m
  [4;35;1mSQL (1.2ms)[0m   [0mSHOW FIELDS FROM `configurations`[0m
  [4;36;1mSQL (2.8ms)[0m   [0;1mdescribe `configurations`[0m
  [4;35;1mSQL (1.8ms)[0m   [0mSHOW KEYS FROM `configurations`[0m
  [4;36;1mSQL (1.1ms)[0m   [0;1mSHOW FIELDS FROM `countries`[0m
  [4;35;1mSQL (2.2ms)[0m   [0mdescribe `countries`[0m
  [4;36;1mSQL (1.2ms)[0m   [0;1mSHOW KEYS FROM `countries`[0m
  [4;35;1mSQL (1.8ms)[0m   [0mSHOW FIELDS FROM `courses`[0m
  [4;36;1mSQL (2.5ms)[0m   [0;1mdescribe `courses`[0m
  [4;35;1mSQL (1.1ms)[0m   [0mSHOW KEYS FROM `courses`[0m
  [4;36;1mSQL (8.1ms)[0m   [0;1mSHOW FIELDS FROM `elective_groups`[0m
  [4;35;1mSQL (2.1ms)[0m   [0mdescribe `elective_groups`[0m
  [4;36;1mSQL (1.0ms)[0m   [0;1mSHOW KEYS FROM `elective_groups`[0m
  [4;35;1mSQL (3.3ms)[0m   [0mSHOW FIELDS FROM `electives`[0m
  [4;36;1mSQL (3.9ms)[0m   [0;1mdescribe `electives`[0m
  [4;35;1mSQL (1.0ms)[0m   [0mSHOW KEYS FROM `electives`[0m
  [4;36;1mSQL (3.5ms)[0m   [0;1mSHOW FIELDS FROM `employee_additional_details`[0m
  [4;35;1mSQL (2.0ms)[0m   [0mdescribe `employee_additional_details`[0m
  [4;36;1mSQL (1.1ms)[0m   [0;1mSHOW KEYS FROM `employee_additional_details`[0m
  [4;35;1mSQL (5.2ms)[0m   [0mSHOW FIELDS FROM `employee_attendances`[0m
  [4;36;1mSQL (2.1ms)[0m   [0;1mdescribe `employee_attendances`[0m
  [4;35;1mSQL (1.1ms)[0m   [0mSHOW KEYS FROM `employee_attendances`[0m
  [4;36;1mSQL (3.8ms)[0m   [0;1mSHOW FIELDS FROM `employee_bank_details`[0m
  [4;35;1mSQL (1.9ms)[0m   [0mdescribe `employee_bank_details`[0m
  [4;36;1mSQL (1.1ms)[0m   [0;1mSHOW KEYS FROM `employee_bank_details`[0m
  [4;35;1mSQL (3.1ms)[0m   [0mSHOW FIELDS FROM `employee_categories`[0m
  [4;36;1mSQL (2.3ms)[0m   [0;1mdescribe `employee_categories`[0m
  [4;35;1mSQL (0.7ms)[0m   [0mSHOW KEYS FROM `employee_categories`[0m
  [4;36;1mSQL (3.4ms)[0m   [0;1mSHOW FIELDS FROM `employee_department_events`[0m
  [4;35;1mSQL (2.0ms)[0m   [0mdescribe `employee_department_events`[0m
  [4;36;1mSQL (1.0ms)[0m   [0;1mSHOW KEYS FROM `employee_department_events`[0m
  [4;35;1mSQL (1.3ms)[0m   [0mSHOW FIELDS FROM `employee_departments`[0m
  [4;36;1mSQL (2.4ms)[0m   [0;1mdescribe `employee_departments`[0m
  [4;35;1mSQL (27.8ms)[0m   [0mSHOW KEYS FROM `employee_departments`[0m
  [4;36;1mSQL (4.0ms)[0m   [0;1mSHOW FIELDS FROM `employee_grades`[0m
  [4;35;1mSQL (2.1ms)[0m   [0mdescribe `employee_grades`[0m
  [4;36;1mSQL (1.1ms)[0m   [0;1mSHOW KEYS FROM `employee_grades`[0m
  [4;35;1mSQL (20.8ms)[0m   [0mSHOW FIELDS FROM `employee_leave_types`[0m
  [4;36;1mSQL (2.8ms)[0m   [0;1mdescribe `employee_leave_types`[0m
  [4;35;1mSQL (0.8ms)[0m   [0mSHOW KEYS FROM `employee_leave_types`[0m
  [4;36;1mSQL (15.8ms)[0m   [0;1mSHOW FIELDS FROM `employee_leaves`[0m
  [4;35;1mSQL (2.1ms)[0m   [0mdescribe `employee_leaves`[0m
  [4;36;1mSQL (1.1ms)[0m   [0;1mSHOW KEYS FROM `employee_leaves`[0m
  [4;35;1mSQL (3.2ms)[0m   [0mSHOW FIELDS FROM `employee_positions`[0m
  [4;36;1mSQL (3.1ms)[0m   [0;1mdescribe `employee_positions`[0m
  [4;35;1mSQL (1.0ms)[0m   [0mSHOW KEYS FROM `employee_positions`[0m
  [4;36;1mSQL (24.6ms)[0m   [0;1mSHOW FIELDS FROM `employee_salary_structures`[0m
  [4;35;1mSQL (1.3ms)[0m   [0mdescribe `employee_salary_structures`[0m
  [4;36;1mSQL (1.9ms)[0m   [0;1mSHOW KEYS FROM `employee_salary_structures`[0m
  [4;35;1mSQL (11.9ms)[0m   [0mSHOW FIELDS FROM `employees`[0m
  [4;36;1mSQL (6.9ms)[0m   [0;1mdescribe `employees`[0m
  [4;35;1mSQL (3.0ms)[0m   [0mSHOW KEYS FROM `employees`[0m
  [4;36;1mSQL (22.7ms)[0m   [0;1mSHOW FIELDS FROM `employees_subjects`[0m
  [4;35;1mSQL (2.4ms)[0m   [0mdescribe `employees_subjects`[0m
  [4;36;1mSQL (1.7ms)[0m   [0;1mSHOW KEYS FROM `employees_subjects`[0m
  [4;35;1mSQL (4.3ms)[0m   [0mSHOW FIELDS FROM `events`[0m
  [4;36;1mSQL (3.0ms)[0m   [0;1mdescribe `events`[0m
  [4;35;1mSQL (1.6ms)[0m   [0mSHOW KEYS FROM `events`[0m
  [4;36;1mSQL (55.2ms)[0m   [0;1mSHOW FIELDS FROM `exam_groups`[0m
  [4;35;1mSQL (2.5ms)[0m   [0mdescribe `exam_groups`[0m
  [4;36;1mSQL (1.0ms)[0m   [0;1mSHOW KEYS FROM `exam_groups`[0m
  [4;35;1mSQL (8.3ms)[0m   [0mSHOW FIELDS FROM `exam_scores`[0m
  [4;36;1mSQL (3.7ms)[0m   [0;1mdescribe `exam_scores`[0m
  [4;35;1mSQL (1.8ms)[0m   [0mSHOW KEYS FROM `exam_scores`[0m
  [4;36;1mSQL (16.6ms)[0m   [0;1mSHOW FIELDS FROM `exams`[0m
  [4;35;1mSQL (2.8ms)[0m   [0mdescribe `exams`[0m
  [4;36;1mSQL (1.4ms)[0m   [0;1mSHOW KEYS FROM `exams`[0m
  [4;35;1mSQL (25.3ms)[0m   [0mSHOW FIELDS FROM `fee_collection_discounts`[0m
  [4;36;1mSQL (3.3ms)[0m   [0;1mdescribe `fee_collection_discounts`[0m
  [4;35;1mSQL (1.6ms)[0m   [0mSHOW KEYS FROM `fee_collection_discounts`[0m
  [4;36;1mSQL (5.6ms)[0m   [0;1mSHOW FIELDS FROM `fee_collection_particulars`[0m
  [4;35;1mSQL (3.0ms)[0m   [0mdescribe `fee_collection_particulars`[0m
  [4;36;1mSQL (1.8ms)[0m   [0;1mSHOW KEYS FROM `fee_collection_particulars`[0m
  [4;35;1mSQL (14.1ms)[0m   [0mSHOW FIELDS FROM `fee_discounts`[0m
  [4;36;1mSQL (2.4ms)[0m   [0;1mdescribe `fee_discounts`[0m
  [4;35;1mSQL (0.9ms)[0m   [0mSHOW KEYS FROM `fee_discounts`[0m
  [4;36;1mSQL (24.4ms)[0m   [0;1mSHOW FIELDS FROM `finance_donations`[0m
  [4;35;1mSQL (2.3ms)[0m   [0mdescribe `finance_donations`[0m
  [4;36;1mSQL (0.4ms)[0m   [0;1mSHOW KEYS FROM `finance_donations`[0m
  [4;35;1mSQL (34.6ms)[0m   [0mSHOW FIELDS FROM `finance_fee_categories`[0m
  [4;36;1mSQL (2.1ms)[0m   [0;1mdescribe `finance_fee_categories`[0m
  [4;35;1mSQL (0.9ms)[0m   [0mSHOW KEYS FROM `finance_fee_categories`[0m
  [4;36;1mSQL (28.2ms)[0m   [0;1mSHOW FIELDS FROM `finance_fee_collections`[0m
  [4;35;1mSQL (2.4ms)[0m   [0mdescribe `finance_fee_collections`[0m
  [4;36;1mSQL (1.0ms)[0m   [0;1mSHOW KEYS FROM `finance_fee_collections`[0m
  [4;35;1mSQL (3.5ms)[0m   [0mSHOW FIELDS FROM `finance_fee_particulars`[0m
  [4;36;1mSQL (4.0ms)[0m   [0;1mdescribe `finance_fee_particulars`[0m
  [4;35;1mSQL (1.5ms)[0m   [0mSHOW KEYS FROM `finance_fee_particulars`[0m
  [4;36;1mSQL (3.6ms)[0m   [0;1mSHOW FIELDS FROM `finance_fee_structure_elements`[0m
  [4;35;1mSQL (3.9ms)[0m   [0mdescribe `finance_fee_structure_elements`[0m
  [4;36;1mSQL (1.0ms)[0m   [0;1mSHOW KEYS FROM `finance_fee_structure_elements`[0m
  [4;35;1mSQL (25.9ms)[0m   [0mSHOW FIELDS FROM `finance_fees`[0m
  [4;36;1mSQL (2.4ms)[0m   [0;1mdescribe `finance_fees`[0m
  [4;35;1mSQL (1.1ms)[0m   [0mSHOW KEYS FROM `finance_fees`[0m
  [4;36;1mSQL (3.8ms)[0m   [0;1mSHOW FIELDS FROM `finance_transaction_categories`[0m
  [4;35;1mSQL (3.2ms)[0m   [0mdescribe `finance_transaction_categories`[0m
  [4;36;1mSQL (1.0ms)[0m   [0;1mSHOW KEYS FROM `finance_transaction_categories`[0m
  [4;35;1mSQL (2.7ms)[0m   [0mSHOW FIELDS FROM `finance_transaction_triggers`[0m
  [4;36;1mSQL (2.0ms)[0m   [0;1mdescribe `finance_transaction_triggers`[0m
  [4;35;1mSQL (0.9ms)[0m   [0mSHOW KEYS FROM `finance_transaction_triggers`[0m
  [4;36;1mSQL (29.4ms)[0m   [0;1mSHOW FIELDS FROM `finance_transactions`[0m
  [4;35;1mSQL (4.3ms)[0m   [0mdescribe `finance_transactions`[0m
  [4;36;1mSQL (1.8ms)[0m   [0;1mSHOW KEYS FROM `finance_transactions`[0m
  [4;35;1mSQL (4.9ms)[0m   [0mSHOW FIELDS FROM `grading_levels`[0m
  [4;36;1mSQL (2.2ms)[0m   [0;1mdescribe `grading_levels`[0m
  [4;35;1mSQL (1.0ms)[0m   [0mSHOW KEYS FROM `grading_levels`[0m
  [4;36;1mSQL (29.0ms)[0m   [0;1mSHOW FIELDS FROM `grouped_exams`[0m
  [4;35;1mSQL (2.0ms)[0m   [0mdescribe `grouped_exams`[0m
  [4;36;1mSQL (1.1ms)[0m   [0;1mSHOW KEYS FROM `grouped_exams`[0m
  [4;35;1mSQL (1.8ms)[0m   [0mSHOW FIELDS FROM `guardians`[0m
  [4;36;1mSQL (5.5ms)[0m   [0;1mdescribe `guardians`[0m
  [4;35;1mSQL (2.3ms)[0m   [0mSHOW KEYS FROM `guardians`[0m
  [4;36;1mSQL (2.5ms)[0m   [0;1mSHOW FIELDS FROM `individual_payslip_categories`[0m
  [4;35;1mSQL (1.8ms)[0m   [0mdescribe `individual_payslip_categories`[0m
  [4;36;1mSQL (3.0ms)[0m   [0;1mSHOW KEYS FROM `individual_payslip_categories`[0m
  [4;35;1mSQL (3.1ms)[0m   [0mSHOW FIELDS FROM `liabilities`[0m
  [4;36;1mSQL (2.1ms)[0m   [0;1mdescribe `liabilities`[0m
  [4;35;1mSQL (1.0ms)[0m   [0mSHOW KEYS FROM `liabilities`[0m
  [4;36;1mSQL (8.1ms)[0m   [0;1mSHOW FIELDS FROM `monthly_payslips`[0m
  [4;35;1mSQL (3.7ms)[0m   [0mdescribe `monthly_payslips`[0m
  [4;36;1mSQL (1.3ms)[0m   [0;1mSHOW KEYS FROM `monthly_payslips`[0m
  [4;35;1mSQL (1.3ms)[0m   [0mSHOW FIELDS FROM `news`[0m
  [4;36;1mSQL (3.2ms)[0m   [0;1mdescribe `news`[0m
  [4;35;1mSQL (1.2ms)[0m   [0mSHOW KEYS FROM `news`[0m
  [4;36;1mSQL (3.5ms)[0m   [0;1mSHOW FIELDS FROM `news_comments`[0m
  [4;35;1mSQL (2.2ms)[0m   [0mdescribe `news_comments`[0m
  [4;36;1mSQL (1.1ms)[0m   [0;1mSHOW KEYS FROM `news_comments`[0m
  [4;35;1mSQL (13.6ms)[0m   [0mSHOW FIELDS FROM `payroll_categories`[0m
  [4;36;1mSQL (2.4ms)[0m   [0;1mdescribe `payroll_categories`[0m
  [4;35;1mSQL (0.9ms)[0m   [0mSHOW KEYS FROM `payroll_categories`[0m
  [4;36;1mSQL (4.9ms)[0m   [0;1mSHOW FIELDS FROM `period_entries`[0m
  [4;35;1mSQL (3.1ms)[0m   [0mdescribe `period_entries`[0m
  [4;36;1mSQL (1.4ms)[0m   [0;1mSHOW KEYS FROM `period_entries`[0m
  [4;35;1mSQL (1.2ms)[0m   [0mSHOW FIELDS FROM `privileges`[0m
  [4;36;1mSQL (2.0ms)[0m   [0;1mdescribe `privileges`[0m
  [4;35;1mSQL (18.6ms)[0m   [0mSHOW KEYS FROM `privileges`[0m
  [4;36;1mSQL (1.5ms)[0m   [0;1mSHOW FIELDS FROM `privileges_users`[0m
  [4;35;1mSQL (1.9ms)[0m   [0mdescribe `privileges_users`[0m
  [4;36;1mSQL (1.6ms)[0m   [0;1mSHOW KEYS FROM `privileges_users`[0m
  [4;35;1mSQL (1.5ms)[0m   [0mSHOW FIELDS FROM `reminders`[0m
  [4;36;1mSQL (4.0ms)[0m   [0;1mdescribe `reminders`[0m
  [4;35;1mSQL (1.7ms)[0m   [0mSHOW KEYS FROM `reminders`[0m
  [4;36;1mSQL (1.3ms)[0m   [0;1mSHOW FIELDS FROM `sms_settings`[0m
  [4;35;1mSQL (2.0ms)[0m   [0mdescribe `sms_settings`[0m
  [4;36;1mSQL (1.1ms)[0m   [0;1mSHOW KEYS FROM `sms_settings`[0m
  [4;35;1mSQL (3.4ms)[0m   [0mSHOW FIELDS FROM `student_additional_details`[0m
  [4;36;1mSQL (1.9ms)[0m   [0;1mdescribe `student_additional_details`[0m
  [4;35;1mSQL (1.1ms)[0m   [0mSHOW KEYS FROM `student_additional_details`[0m
  [4;36;1mSQL (1.2ms)[0m   [0;1mSHOW FIELDS FROM `student_additional_fields`[0m
  [4;35;1mSQL (2.7ms)[0m   [0mdescribe `student_additional_fields`[0m
  [4;36;1mSQL (1.1ms)[0m   [0;1mSHOW KEYS FROM `student_additional_fields`[0m
  [4;35;1mSQL (2.4ms)[0m   [0mSHOW FIELDS FROM `student_categories`[0m
  [4;36;1mSQL (1.3ms)[0m   [0;1mdescribe `student_categories`[0m
  [4;35;1mSQL (1.1ms)[0m   [0mSHOW KEYS FROM `student_categories`[0m
  [4;36;1mSQL (1.4ms)[0m   [0;1mSHOW FIELDS FROM `student_previous_datas`[0m
  [4;35;1mSQL (2.5ms)[0m   [0mdescribe `student_previous_datas`[0m
  [4;36;1mSQL (1.2ms)[0m   [0;1mSHOW KEYS FROM `student_previous_datas`[0m
  [4;35;1mSQL (1.8ms)[0m   [0mSHOW FIELDS FROM `student_previous_subject_marks`[0m
  [4;36;1mSQL (2.2ms)[0m   [0;1mdescribe `student_previous_subject_marks`[0m
  [4;35;1mSQL (58.9ms)[0m   [0mSHOW KEYS FROM `student_previous_subject_marks`[0m
  [4;36;1mSQL (2.7ms)[0m   [0;1mSHOW FIELDS FROM `students`[0m
  [4;35;1mSQL (5.6ms)[0m   [0mdescribe `students`[0m
  [4;36;1mSQL (3.4ms)[0m   [0;1mSHOW KEYS FROM `students`[0m
  [4;35;1mSQL (3.6ms)[0m   [0mSHOW FIELDS FROM `students_subjects`[0m
  [4;36;1mSQL (1.9ms)[0m   [0;1mdescribe `students_subjects`[0m
  [4;35;1mSQL (1.1ms)[0m   [0mSHOW KEYS FROM `students_subjects`[0m
  [4;36;1mSQL (4.0ms)[0m   [0;1mSHOW FIELDS FROM `subjects`[0m
  [4;35;1mSQL (2.9ms)[0m   [0mdescribe `subjects`[0m
  [4;36;1mSQL (1.5ms)[0m   [0;1mSHOW KEYS FROM `subjects`[0m
  [4;35;1mSQL (5.9ms)[0m   [0mSHOW FIELDS FROM `timetable_entries`[0m
  [4;36;1mSQL (2.0ms)[0m   [0;1mdescribe `timetable_entries`[0m
  [4;35;1mSQL (1.0ms)[0m   [0mSHOW KEYS FROM `timetable_entries`[0m
  [4;36;1mSQL (1.6ms)[0m   [0;1mSHOW FIELDS FROM `users`[0m
  [4;35;1mSQL (3.4ms)[0m   [0mdescribe `users`[0m
  [4;36;1mSQL (1.7ms)[0m   [0;1mSHOW KEYS FROM `users`[0m
  [4;35;1mSQL (37.9ms)[0m   [0mSHOW FIELDS FROM `weekdays`[0m
  [4;36;1mSQL (2.0ms)[0m   [0;1mdescribe `weekdays`[0m
  [4;35;1mSQL (1.2ms)[0m   [0mSHOW KEYS FROM `weekdays`[0m
  [4;36;1mSQL (10.4ms)[0m   [0;1mSHOW FIELDS FROM `xmls`[0m
  [4;35;1mSQL (2.0ms)[0m   [0mdescribe `xmls`[0m
  [4;36;1mSQL (1.8ms)[0m   [0;1mSHOW KEYS FROM `xmls`[0m
  [4;36;1mSQL (0.2ms)[0m   [0;1mSET SQL_AUTO_IS_NULL=0[0m


Processing UserController#login (for 127.0.0.1 at 2011-11-08 15:07:42) [GET]
  Parameters: {"action"=>"login", "controller"=>"user"}
  [4;35;1mConfiguration Columns (1.7ms)[0m   [0mSHOW FIELDS FROM `configurations`[0m
  [4;36;1mConfiguration Load (0.8ms)[0m   [0;1mSELECT * FROM `configurations` WHERE (`configurations`.`config_key` = 'LogoName') LIMIT 1[0m
Rendering template within layouts/login
Rendering user/login
Completed in 192ms (View: 140, DB: 3) | 200 OK [http://0.0.0.0/]
  [4;35;1mSQL (0.2ms)[0m   [0mSET SQL_AUTO_IS_NULL=0[0m


Processing UserController#login (for 127.0.0.1 at 2011-11-08 15:07:47) [POST]
  Parameters: {"commit"=>"Login", "action"=>"login", "authenticity_token"=>"TcVUx7m8nYTYH9yk5tEUf7lH2Gcg3cfkEIb1GNr0I1M=", "controller"=>"user", "user"=>{"username"=>"admin", "password"=>"[FILTERED]"}}
  [4;36;1mConfiguration Columns (1.8ms)[0m   [0;1mSHOW FIELDS FROM `configurations`[0m
  [4;35;1mConfiguration Load (49.4ms)[0m   [0mSELECT * FROM `configurations` WHERE (`configurations`.`config_key` = 'LogoName') LIMIT 1[0m
  [4;36;1mUser Columns (1.8ms)[0m   [0;1mSHOW FIELDS FROM `users`[0m
  [4;35;1mUser Load (0.6ms)[0m   [0mSELECT * FROM `users` WHERE (`users`.`username` = 'admin') LIMIT 1[0m
  [4;36;1mCACHE (0.0ms)[0m   [0;1mSELECT * FROM `users` WHERE (`users`.`username` = 'admin') LIMIT 1[0m
Redirected to http://0.0.0.0:3000/user/dashboard
Completed in 96ms (DB: 54) | 302 Found [http://0.0.0.0/]
  [4;35;1mSQL (0.1ms)[0m   [0mSET SQL_AUTO_IS_NULL=0[0m


Processing UserController#dashboard (for 127.0.0.1 at 2011-11-08 15:07:48) [GET]
  Parameters: {"action"=>"dashboard", "controller"=>"user"}
  [4;36;1mUser Columns (1.8ms)[0m   [0;1mSHOW FIELDS FROM `users`[0m
  [4;35;1mUser Load (1.0ms)[0m   [0mSELECT * FROM `users` WHERE (`users`.`id` = 1) [0m
  [4;36;1mCACHE (0.0ms)[0m   [0;1mSELECT * FROM `users` WHERE (`users`.`id` = 1) [0m
  [4;35;1mCACHE (0.0ms)[0m   [0mSELECT * FROM `users` WHERE (`users`.`id` = 1) [0m
  [4;36;1mConfiguration Columns (3.2ms)[0m   [0;1mSHOW FIELDS FROM `configurations`[0m
  [4;35;1mConfiguration Load (0.6ms)[0m   [0mSELECT * FROM `configurations` WHERE (`configurations`.`config_key` = 'AvailableModules') [0m
  [4;36;1mEmployee Load (0.6ms)[0m   [0;1mSELECT * FROM `employees` WHERE (`employees`.user_id = 1) LIMIT 1[0m
  [4;35;1mNews Load (0.4ms)[0m   [0mSELECT * FROM `news` ORDER BY created_at DESC LIMIT 5[0m
Rendering template within layouts/dashboard
Rendering user/dashboard
  [4;36;1mCACHE (0.0ms)[0m   [0;1mSELECT * FROM `users` WHERE (`users`.`id` = 1) [0m
  [4;35;1mReminder Load (0.5ms)[0m   [0mSELECT * FROM `reminders` WHERE (recipient = '1') [0m
Rendered layouts/_reminder_count (6.9ms)
Completed in 107ms (View: 56, DB: 8) | 200 OK [http://0.0.0.0/user/dashboard]
  [4;36;1mSQL (0.1ms)[0m   [0;1mSET SQL_AUTO_IS_NULL=0[0m


Processing StudentController#admission1 (for 127.0.0.1 at 2011-11-08 15:07:50) [GET]
  Parameters: {"action"=>"admission1", "controller"=>"student"}
  [4;35;1mUser Columns (2.1ms)[0m   [0mSHOW FIELDS FROM `users`[0m
  [4;36;1mUser Load (48.0ms)[0m   [0;1mSELECT * FROM `users` WHERE (`users`.`id` = 1) [0m
  [4;35;1mCACHE (0.0ms)[0m   [0mSELECT * FROM `users` WHERE (`users`.`id` = 1) [0m
  [4;36;1mCACHE (0.0ms)[0m   [0;1mSELECT * FROM `users` WHERE (`users`.`id` = 1) [0m
  [4;35;1mprivileges_users Columns (1.4ms)[0m   [0mSHOW FIELDS FROM `privileges_users`[0m
  [4;36;1mPrivilege Load (1.8ms)[0m   [0;1mSELECT * FROM `privileges` INNER JOIN `privileges_users` ON `privileges`.id = `privileges_users`.privilege_id WHERE (`privileges_users`.user_id = 1 ) [0m
  [4;35;1mCACHE (0.0ms)[0m   [0mSELECT * FROM `users` WHERE (`users`.`id` = 1) [0m
  [4;36;1mStudent Columns (2.6ms)[0m   [0;1mSHOW FIELDS FROM `students`[0m
  [4;35;1mSmsSetting Columns (1.5ms)[0m   [0mSHOW FIELDS FROM `sms_settings`[0m
  [4;36;1mSmsSetting Load (0.9ms)[0m   [0;1mSELECT * FROM `sms_settings` WHERE (`sms_settings`.`settings_key` = 'ApplicationEnabled') LIMIT 1[0m
  [4;35;1mStudent Load (1.3ms)[0m   [0mSELECT * FROM `students` ORDER BY students.id DESC LIMIT 1[0m
  [4;36;1mConfiguration Columns (1.4ms)[0m   [0;1mSHOW FIELDS FROM `configurations`[0m
  [4;35;1mConfiguration Load (1.4ms)[0m   [0mSELECT * FROM `configurations` WHERE (`configurations`.`config_key` = 'AdmissionNumberAutoIncrement') LIMIT 1[0m
Rendering template within layouts/application
Rendering student/admission1
  [4;36;1mBatch Load (0.6ms)[0m   [0;1mSELECT * FROM `batches` WHERE (`batches`.`is_active` = 1 AND `batches`.`is_deleted` = 0) [0m
  [4;35;1mBatch Columns (1.7ms)[0m   [0mSHOW FIELDS FROM `batches`[0m
  [4;36;1mCourse Columns (3.1ms)[0m   [0;1mSHOW FIELDS FROM `courses`[0m
  [4;35;1mCourse Load (0.7ms)[0m   [0mSELECT * FROM `courses` WHERE (`courses`.`id` = 1) [0m
  [4;36;1mCourse Load (0.3ms)[0m   [0;1mSELECT * FROM `courses` WHERE (`courses`.`id` = 2) [0m
  [4;35;1mCountry Load (2.1ms)[0m   [0mSELECT * FROM `countries` [0m
  [4;36;1mCountry Columns (1.4ms)[0m   [0;1mSHOW FIELDS FROM `countries`[0m
  [4;35;1mStudentCategory Load (0.3ms)[0m   [0mSELECT * FROM `student_categories` WHERE (`student_categories`.`is_deleted` = 0) [0m
  [4;36;1mCACHE (0.0ms)[0m   [0;1mSELECT * FROM `countries` [0m
  [4;35;1mCACHE (0.0ms)[0m   [0mSELECT * FROM `users` WHERE (`users`.`id` = 1) [0m
  [4;36;1mReminder Load (4.2ms)[0m   [0;1mSELECT * FROM `reminders` WHERE (recipient = '1') [0m
Rendered layouts/_reminder_count (9.5ms)
Completed in 482ms (View: 344, DB: 77) | 200 OK [http://0.0.0.0/student/admission1]
  [4;35;1mSQL (0.1ms)[0m   [0mSET SQL_AUTO_IS_NULL=0[0m


Processing UserController#dashboard (for 127.0.0.1 at 2011-11-08 15:07:56) [GET]
  Parameters: {"action"=>"dashboard", "controller"=>"user"}
  [4;36;1mUser Columns (2.0ms)[0m   [0;1mSHOW FIELDS FROM `users`[0m
  [4;35;1mUser Load (46.5ms)[0m   [0mSELECT * FROM `users` WHERE (`users`.`id` = 1) [0m
  [4;36;1mCACHE (0.0ms)[0m   [0;1mSELECT * FROM `users` WHERE (`users`.`id` = 1) [0m
  [4;35;1mCACHE (0.0ms)[0m   [0mSELECT * FROM `users` WHERE (`users`.`id` = 1) [0m
  [4;36;1mConfiguration Columns (1.6ms)[0m   [0;1mSHOW FIELDS FROM `configurations`[0m
  [4;35;1mConfiguration Load (1.0ms)[0m   [0mSELECT * FROM `configurations` WHERE (`configurations`.`config_key` = 'AvailableModules') [0m
  [4;36;1mEmployee Load (0.8ms)[0m   [0;1mSELECT * FROM `employees` WHERE (`employees`.user_id = 1) LIMIT 1[0m
  [4;35;1mNews Load (0.4ms)[0m   [0mSELECT * FROM `news` ORDER BY created_at DESC LIMIT 5[0m
Rendering template within layouts/dashboard
Rendering user/dashboard
  [4;36;1mCACHE (0.0ms)[0m   [0;1mSELECT * FROM `users` WHERE (`users`.`id` = 1) [0m
  [4;35;1mReminder Load (0.4ms)[0m   [0mSELECT * FROM `reminders` WHERE (recipient = '1') [0m
Rendered layouts/_reminder_count (3.7ms)
Completed in 102ms (View: 15, DB: 53) | 200 OK [http://0.0.0.0/user/dashboard]
  [4;36;1mSQL (0.2ms)[0m   [0;1mSET SQL_AUTO_IS_NULL=0[0m


Processing StudentController#index (for 127.0.0.1 at 2011-11-08 15:08:00) [GET]
  Parameters: {"action"=>"index", "controller"=>"student"}
  [4;35;1mUser Columns (1.8ms)[0m   [0mSHOW FIELDS FROM `users`[0m
  [4;36;1mUser Load (42.9ms)[0m   [0;1mSELECT * FROM `users` WHERE (`users`.`id` = 1) [0m
  [4;35;1mCACHE (0.0ms)[0m   [0mSELECT * FROM `users` WHERE (`users`.`id` = 1) [0m
  [4;36;1mCACHE (0.0ms)[0m   [0;1mSELECT * FROM `users` WHERE (`users`.`id` = 1) [0m
  [4;35;1mprivileges_users Columns (1.6ms)[0m   [0mSHOW FIELDS FROM `privileges_users`[0m
  [4;36;1mPrivilege Load (0.7ms)[0m   [0;1mSELECT * FROM `privileges` INNER JOIN `privileges_users` ON `privileges`.id = `privileges_users`.privilege_id WHERE (`privileges_users`.user_id = 1 ) [0m
  [4;35;1mCACHE (0.0ms)[0m   [0mSELECT * FROM `users` WHERE (`users`.`id` = 1) [0m
Rendering template within layouts/application
Rendering student/index
  [4;36;1mCACHE (0.0ms)[0m   [0;1mSELECT * FROM `users` WHERE (`users`.`id` = 1) [0m
  [4;35;1mReminder Load (0.4ms)[0m   [0mSELECT * FROM `reminders` WHERE (recipient = '1') [0m
Rendered layouts/_reminder_count (3.9ms)
Completed in 217ms (View: 128, DB: 48) | 200 OK [http://0.0.0.0/student]
  [4;36;1mSQL (0.1ms)[0m   [0;1mSET SQL_AUTO_IS_NULL=0[0m


Processing StudentController#view_all (for 127.0.0.1 at 2011-11-08 15:08:02) [GET]
  Parameters: {"action"=>"view_all", "controller"=>"student"}
  [4;35;1mUser Columns (1.9ms)[0m   [0mSHOW FIELDS FROM `users`[0m
  [4;36;1mUser Load (43.6ms)[0m   [0;1mSELECT * FROM `users` WHERE (`users`.`id` = 1) [0m
  [4;35;1mCACHE (0.0ms)[0m   [0mSELECT * FROM `users` WHERE (`users`.`id` = 1) [0m
  [4;36;1mCACHE (0.0ms)[0m   [0;1mSELECT * FROM `users` WHERE (`users`.`id` = 1) [0m
  [4;35;1mprivileges_users Columns (1.3ms)[0m   [0mSHOW FIELDS FROM `privileges_users`[0m
  [4;36;1mPrivilege Load (0.7ms)[0m   [0;1mSELECT * FROM `privileges` INNER JOIN `privileges_users` ON `privileges`.id = `privileges_users`.privilege_id WHERE (`privileges_users`.user_id = 1 ) [0m
  [4;35;1mCACHE (0.0ms)[0m   [0mSELECT * FROM `users` WHERE (`users`.`id` = 1) [0m
Rendering template within layouts/application
Rendering student/view_all
  [4;36;1mBatch Load (0.6ms)[0m   [0;1mSELECT * FROM `batches` WHERE (`batches`.`is_active` = 1 AND `batches`.`is_deleted` = 0) [0m
  [4;35;1mBatch Columns (1.5ms)[0m   [0mSHOW FIELDS FROM `batches`[0m
  [4;36;1mCourse Columns (1.7ms)[0m   [0;1mSHOW FIELDS FROM `courses`[0m
  [4;35;1mCourse Load (0.8ms)[0m   [0mSELECT * FROM `courses` WHERE (`courses`.`id` = 1) [0m
  [4;36;1mCourse Load (0.3ms)[0m   [0;1mSELECT * FROM `courses` WHERE (`courses`.`id` = 2) [0m
  [4;35;1mCACHE (0.0ms)[0m   [0mSELECT * FROM `users` WHERE (`users`.`id` = 1) [0m
  [4;36;1mReminder Load (0.4ms)[0m   [0;1mSELECT * FROM `reminders` WHERE (recipient = '1') [0m
Rendered layouts/_reminder_count (4.9ms)
Completed in 125ms (View: 29, DB: 53) | 200 OK [http://0.0.0.0/student/view_all]
  [4;35;1mSQL (0.3ms)[0m   [0mSET SQL_AUTO_IS_NULL=0[0m


Processing StudentController#list_students_by_course (for 127.0.0.1 at 2011-11-08 15:08:06) [POST]
  Parameters: {"action"=>"list_students_by_course", "batch_id"=>"1", "authenticity_token"=>"TcVUx7m8nYTYH9yk5tEUf7lH2Gcg3cfkEIb1GNr0I1M=", "controller"=>"student", "_"=>""}
  [4;36;1mUser Columns (1.8ms)[0m   [0;1mSHOW FIELDS FROM `users`[0m
  [4;35;1mUser Load (1.2ms)[0m   [0mSELECT * FROM `users` WHERE (`users`.`id` = 1) [0m
  [4;36;1mCACHE (0.0ms)[0m   [0;1mSELECT * FROM `users` WHERE (`users`.`id` = 1) [0m
  [4;35;1mCACHE (0.0ms)[0m   [0mSELECT * FROM `users` WHERE (`users`.`id` = 1) [0m
  [4;36;1mprivileges_users Columns (1.5ms)[0m   [0;1mSHOW FIELDS FROM `privileges_users`[0m
  [4;35;1mPrivilege Load (3.8ms)[0m   [0mSELECT * FROM `privileges` INNER JOIN `privileges_users` ON `privileges`.id = `privileges_users`.privilege_id WHERE (`privileges_users`.user_id = 1 ) [0m
  [4;36;1mCACHE (0.0ms)[0m   [0;1mSELECT * FROM `users` WHERE (`users`.`id` = 1) [0m
  [4;35;1mStudent Columns (3.4ms)[0m   [0mSHOW FIELDS FROM `students`[0m
  [4;36;1mStudent Load (0.5ms)[0m   [0;1mSELECT * FROM `students` WHERE (`students`.`batch_id` = '1') ORDER BY first_name ASC[0m
Rendered student/_students_by_course (7.9ms)
Completed in 184ms (View: 15, DB: 13) | 200 OK [http://0.0.0.0/student/list_students_by_course]
  [4;35;1mSQL (0.2ms)[0m   [0mSET SQL_AUTO_IS_NULL=0[0m


Processing StudentController#profile (for 127.0.0.1 at 2011-11-08 15:08:08) [GET]
  Parameters: {"action"=>"profile", "id"=>"1", "controller"=>"student"}
  [4;36;1mUser Columns (1.7ms)[0m   [0;1mSHOW FIELDS FROM `users`[0m
  [4;35;1mUser Load (48.8ms)[0m   [0mSELECT * FROM `users` WHERE (`users`.`id` = 1) [0m
  [4;36;1mCACHE (0.0ms)[0m   [0;1mSELECT * FROM `users` WHERE (`users`.`id` = 1) [0m
  [4;35;1mCACHE (0.0ms)[0m   [0mSELECT * FROM `users` WHERE (`users`.`id` = 1) [0m
  [4;36;1mprivileges_users Columns (1.6ms)[0m   [0;1mSHOW FIELDS FROM `privileges_users`[0m
  [4;35;1mPrivilege Load (0.6ms)[0m   [0mSELECT * FROM `privileges` INNER JOIN `privileges_users` ON `privileges`.id = `privileges_users`.privilege_id WHERE (`privileges_users`.user_id = 1 ) [0m
  [4;36;1mCACHE (0.0ms)[0m   [0;1mSELECT * FROM `users` WHERE (`users`.`id` = 1) [0m
  [4;35;1mStudent Columns (2.6ms)[0m   [0mSHOW FIELDS FROM `students`[0m
  [4;36;1mStudent Load (1.0ms)[0m   [0;1mSELECT * FROM `students` WHERE (`students`.`id` = 1) [0m
  [4;35;1mCACHE (0.0ms)[0m   [0mSELECT * FROM `users` WHERE (`users`.`id` = 1) [0m
  [4;36;1mStudentAdditionalField Load (0.4ms)[0m   [0;1mSELECT * FROM `student_additional_fields` WHERE (status = true) [0m
  [4;35;1mConfiguration Columns (41.2ms)[0m   [0mSHOW FIELDS FROM `configurations`[0m
  [4;36;1mConfiguration Load (0.4ms)[0m   [0;1mSELECT * FROM `configurations` WHERE (`configurations`.`config_key` = 'AvailableModules') [0m
  [4;35;1mSmsSetting Columns (1.6ms)[0m   [0mSHOW FIELDS FROM `sms_settings`[0m
  [4;36;1mStudentPreviousData Columns (1.6ms)[0m   [0;1mSHOW FIELDS FROM `student_previous_datas`[0m
  [4;35;1mStudentPreviousData Load (0.3ms)[0m   [0mSELECT * FROM `student_previous_datas` WHERE (`student_previous_datas`.`student_id` = 1) LIMIT 1[0m
  [4;36;1mGuardian Columns (2.6ms)[0m   [0;1mSHOW FIELDS FROM `guardians`[0m
  [4;35;1mGuardian Load (1.3ms)[0m   [0mSELECT * FROM `guardians` WHERE (`guardians`.`id` = 1) [0m
Rendering template within layouts/application
Rendering student/profile
  [4;36;1mCACHE (0.0ms)[0m   [0;1mSELECT * FROM `users` WHERE (`users`.`id` = 1) [0m
  [4;35;1mCACHE (0.0ms)[0m   [0mSELECT * FROM `privileges` INNER JOIN `privileges_users` ON `privileges`.id = `privileges_users`.privilege_id WHERE (`privileges_users`.user_id = 1 ) [0m
  [4;36;1mCACHE (0.0ms)[0m   [0;1mSELECT * FROM `users` WHERE (`users`.`id` = 1) [0m
  [4;35;1mCACHE (0.0ms)[0m   [0mSELECT * FROM `privileges` INNER JOIN `privileges_users` ON `privileges`.id = `privileges_users`.privilege_id WHERE (`privileges_users`.user_id = 1 ) [0m
  [4;36;1mCACHE (0.0ms)[0m   [0;1mSELECT * FROM `users` WHERE (`users`.`id` = 1) [0m
  [4;35;1mCACHE (0.0ms)[0m   [0mSELECT * FROM `privileges` INNER JOIN `privileges_users` ON `privileges`.id = `privileges_users`.privilege_id WHERE (`privileges_users`.user_id = 1 ) [0m
  [4;36;1mCACHE (0.0ms)[0m   [0;1mSELECT * FROM `users` WHERE (`users`.`id` = 1) [0m
  [4;35;1mCACHE (0.0ms)[0m   [0mSELECT * FROM `privileges` INNER JOIN `privileges_users` ON `privileges`.id = `privileges_users`.privilege_id WHERE (`privileges_users`.user_id = 1 ) [0m
  [4;36;1mConfiguration Load (0.4ms)[0m   [0;1mSELECT * FROM `configurations` WHERE (`configurations`.`config_key` = 'NetworkState') LIMIT 1[0m
  [4;35;1mCACHE (0.0ms)[0m   [0mSELECT * FROM `users` WHERE (`users`.`id` = 1) [0m
  [4;36;1mCACHE (0.0ms)[0m   [0;1mSELECT * FROM `privileges` INNER JOIN `privileges_users` ON `privileges`.id = `privileges_users`.privilege_id WHERE (`privileges_users`.user_id = 1 ) [0m
  [4;35;1mBatch Columns (1.8ms)[0m   [0mSHOW FIELDS FROM `batches`[0m
  [4;36;1mBatch Load (0.8ms)[0m   [0;1mSELECT * FROM `batches` WHERE (`batches`.`id` = 1) [0m
  [4;35;1mCourse Columns (1.6ms)[0m   [0mSHOW FIELDS FROM `courses`[0m
  [4;36;1mCourse Load (2.3ms)[0m   [0;1mSELECT * FROM `courses` WHERE (`courses`.`id` = 1) [0m
  [4;35;1mCountry Columns (1.3ms)[0m   [0mSHOW FIELDS FROM `countries`[0m
  [4;36;1mCountry Load (0.7ms)[0m   [0;1mSELECT * FROM `countries` WHERE (`countries`.`id` = 76) [0m
  [4;35;1mCACHE (0.0ms)[0m   [0mSELECT * FROM `countries` WHERE (`countries`.`id` = 76) [0m
  [4;36;1mCACHE (0.0ms)[0m   [0;1mSELECT * FROM `users` WHERE (`users`.`id` = 1) [0m
  [4;35;1mReminder Load (0.4ms)[0m   [0mSELECT * FROM `reminders` WHERE (recipient = '1') [0m
Rendered layouts/_reminder_count (5.0ms)
Completed in 260ms (View: 63, DB: 115) | 200 OK [http://0.0.0.0/student/profile/1]
